Net,metal1,metal2,metal3,metal4,metal5,metal6,metal7,metal8,metal9,metal10,
_001_,100.00%,100.00%,100.00%,NA,NA,NA,NA,NA,NA,NA,
net58,100.00%,100.00%,100.00%,NA,NA,NA,NA,NA,NA,NA,
net59,100.00%,100.00%,100.00%,NA,NA,NA,NA,NA,NA,NA,
net60,100.00%,100.00%,100.00%,NA,NA,NA,NA,NA,NA,NA,
net61,100.00%,100.00%,100.00%,NA,NA,NA,NA,NA,NA,NA,
net62,100.00%,100.00%,100.00%,NA,NA,NA,NA,NA,NA,NA,
net63,100.00%,100.00%,100.00%,NA,NA,NA,NA,NA,NA,NA,
net64,100.00%,100.00%,100.00%,NA,NA,NA,NA,NA,NA,NA,
net65,85.71%,81.42%,96.36%,NA,NA,NA,NA,NA,NA,NA,
net66,100.00%,100.00%,NA,NA,NA,NA,NA,NA,NA,NA,
net67,100.00%,100.00%,100.00%,NA,NA,NA,NA,NA,NA,NA,
net68,100.00%,100.00%,NA,NA,NA,NA,NA,NA,NA,NA,
net69,100.00%,100.00%,100.00%,NA,NA,NA,NA,NA,NA,NA,
net70,98.88%,98.67%,100.00%,NA,NA,NA,NA,NA,NA,NA,
net71,100.00%,100.00%,100.00%,NA,NA,NA,NA,NA,NA,NA,
net72,100.00%,100.00%,0.00%,NA,NA,NA,NA,NA,NA,NA,
net73,100.00%,100.00%,NA,NA,NA,NA,NA,NA,NA,NA,
net74,100.00%,100.00%,100.00%,NA,NA,NA,NA,NA,NA,NA,
net75,66.67%,91.67%,95.19%,NA,NA,NA,NA,NA,NA,NA,
net76,100.00%,100.00%,NA,NA,NA,NA,NA,NA,NA,NA,
net77,100.00%,100.00%,NA,NA,NA,NA,NA,NA,NA,NA,
net78,100.00%,100.00%,NA,NA,NA,NA,NA,NA,NA,NA,
net79,100.00%,100.00%,100.00%,NA,NA,NA,NA,NA,NA,NA,
net80,100.00%,100.00%,100.00%,NA,NA,NA,NA,NA,NA,NA,
net81,50.00%,100.00%,NA,NA,NA,NA,NA,NA,NA,NA,
net82,100.00%,100.00%,100.00%,NA,NA,NA,NA,NA,NA,NA,
net83,100.00%,100.00%,100.00%,NA,NA,NA,NA,NA,NA,NA,
net84,100.00%,100.00%,100.00%,NA,NA,NA,NA,NA,NA,NA,
net85,100.00%,100.00%,0.00%,NA,NA,NA,NA,NA,NA,NA,
net86,100.00%,100.00%,100.00%,NA,NA,NA,NA,NA,NA,NA,
net87,100.00%,100.00%,100.00%,NA,NA,NA,NA,NA,NA,NA,
net88,100.00%,100.00%,100.00%,NA,NA,NA,NA,NA,NA,NA,
net89,66.67%,75.73%,100.00%,NA,NA,NA,NA,NA,NA,NA,
net90,100.00%,100.00%,100.00%,NA,NA,NA,NA,NA,NA,NA,
net91,100.00%,43.24%,84.30%,NA,NA,NA,NA,NA,NA,NA,
net92,100.00%,100.00%,100.00%,NA,NA,NA,NA,NA,NA,NA,
net93,100.00%,100.00%,100.00%,NA,NA,NA,NA,NA,NA,NA,
net94,100.00%,100.00%,NA,NA,NA,NA,NA,NA,NA,NA,
net95,100.00%,100.00%,NA,NA,NA,NA,NA,NA,NA,NA,
net96,100.00%,100.00%,100.00%,NA,NA,NA,NA,NA,NA,NA,
net97,100.00%,100.00%,0.00%,NA,NA,NA,NA,NA,NA,NA,
net98,100.00%,100.00%,100.00%,NA,NA,NA,NA,NA,NA,NA,
net99,100.00%,100.00%,0.00%,NA,NA,NA,NA,NA,NA,NA,
net100,100.00%,100.00%,99.11%,NA,NA,NA,NA,NA,NA,NA,
net101,100.00%,100.00%,100.00%,NA,NA,NA,NA,NA,NA,NA,
net102,100.00%,100.00%,100.00%,NA,NA,NA,NA,NA,NA,NA,
net103,100.00%,100.00%,100.00%,NA,NA,NA,NA,NA,NA,NA,
net104,100.00%,86.47%,100.00%,NA,NA,NA,NA,NA,NA,NA,
net105,100.00%,100.00%,100.00%,NA,NA,NA,NA,NA,NA,NA,
net106,100.00%,100.00%,0.00%,NA,NA,NA,NA,NA,NA,NA,
net107,100.00%,86.47%,99.08%,NA,NA,NA,NA,NA,NA,NA,
net108,100.00%,100.00%,0.00%,NA,NA,NA,NA,NA,NA,NA,
net109,100.00%,100.00%,0.00%,NA,NA,NA,NA,NA,NA,NA,
net110,100.00%,100.00%,0.00%,NA,NA,NA,NA,NA,NA,NA,
net111,100.00%,100.00%,100.00%,NA,NA,NA,NA,NA,NA,NA,
net112,100.00%,100.00%,100.00%,NA,NA,NA,NA,NA,NA,NA,
net113,100.00%,100.00%,NA,NA,NA,NA,NA,NA,NA,NA,
net114,80.00%,77.58%,96.56%,0.00%,NA,NA,NA,NA,NA,NA,
net115,100.00%,100.00%,NA,NA,NA,NA,NA,NA,NA,NA,
net116,100.00%,100.00%,100.00%,NA,NA,NA,NA,NA,NA,NA,
net117,78.57%,67.43%,100.00%,NA,NA,NA,NA,NA,NA,NA,
net118,100.00%,100.00%,42.62%,NA,NA,NA,NA,NA,NA,NA,
net119,100.00%,100.00%,100.00%,NA,NA,NA,NA,NA,NA,NA,
net120,100.00%,100.00%,0.00%,NA,NA,NA,NA,NA,NA,NA,
net121,100.00%,100.00%,100.00%,NA,NA,NA,NA,NA,NA,NA,
net122,100.00%,100.00%,100.00%,NA,NA,NA,NA,NA,NA,NA,
net123,100.00%,100.00%,100.00%,NA,NA,NA,NA,NA,NA,NA,
net124,100.00%,100.00%,100.00%,NA,NA,NA,NA,NA,NA,NA,
net125,100.00%,100.00%,100.00%,NA,NA,NA,NA,NA,NA,NA,
net126,100.00%,100.00%,100.00%,NA,NA,NA,NA,NA,NA,NA,
net127,78.57%,61.43%,100.00%,NA,NA,NA,NA,NA,NA,NA,
net128,100.00%,100.00%,100.00%,NA,NA,NA,NA,NA,NA,NA,
net129,100.00%,100.00%,100.00%,NA,NA,NA,NA,NA,NA,NA,
net130,100.00%,100.00%,NA,NA,NA,NA,NA,NA,NA,NA,
net131,100.00%,100.00%,100.00%,NA,NA,NA,NA,NA,NA,NA,
net132,100.00%,100.00%,100.00%,NA,NA,NA,NA,NA,NA,NA,
net133,50.00%,100.00%,100.00%,NA,NA,NA,NA,NA,NA,NA,
net134,85.71%,81.95%,0.00%,NA,NA,NA,NA,NA,NA,NA,
net135,50.00%,100.00%,100.00%,NA,NA,NA,NA,NA,NA,NA,
net136,100.00%,100.00%,NA,NA,NA,NA,NA,NA,NA,NA,
net137,100.00%,100.00%,100.00%,NA,NA,NA,NA,NA,NA,NA,
net138,100.00%,100.00%,100.00%,NA,NA,NA,NA,NA,NA,NA,
net139,100.00%,100.00%,NA,NA,NA,NA,NA,NA,NA,NA,
net140,100.00%,100.00%,NA,NA,NA,NA,NA,NA,NA,NA,
net141,100.00%,100.00%,100.00%,NA,NA,NA,NA,NA,NA,NA,
net142,100.00%,100.00%,100.00%,NA,NA,NA,NA,NA,NA,NA,
net143,100.00%,100.00%,100.00%,NA,NA,NA,NA,NA,NA,NA,
net144,100.00%,100.00%,100.00%,NA,NA,NA,NA,NA,NA,NA,
net145,100.00%,100.00%,100.00%,NA,NA,NA,NA,NA,NA,NA,
net146,100.00%,100.00%,100.00%,NA,NA,NA,NA,NA,NA,NA,
net147,100.00%,100.00%,100.00%,NA,NA,NA,NA,NA,NA,NA,
net148,100.00%,100.00%,100.00%,NA,NA,NA,NA,NA,NA,NA,
net149,100.00%,100.00%,100.00%,NA,NA,NA,NA,NA,NA,NA,
net150,100.00%,100.00%,100.00%,NA,NA,NA,NA,NA,NA,NA,
net151,100.00%,100.00%,100.00%,NA,NA,NA,NA,NA,NA,NA,
net152,100.00%,100.00%,99.46%,NA,NA,NA,NA,NA,NA,NA,
net153,100.00%,100.00%,100.00%,NA,NA,NA,NA,NA,NA,NA,
net154,100.00%,100.00%,100.00%,NA,NA,NA,NA,NA,NA,NA,
_184_,100.00%,100.00%,100.00%,NA,NA,NA,NA,NA,NA,NA,
_185_,100.00%,100.00%,NA,NA,NA,NA,NA,NA,NA,NA,
_186_,100.00%,100.00%,100.00%,NA,NA,NA,NA,NA,NA,NA,
_187_,100.00%,100.00%,93.40%,NA,NA,NA,NA,NA,NA,NA,
_188_,100.00%,100.00%,100.00%,NA,NA,NA,NA,NA,NA,NA,
_189_,100.00%,100.00%,NA,NA,NA,NA,NA,NA,NA,NA,
_190_,100.00%,100.00%,100.00%,NA,NA,NA,NA,NA,NA,NA,
_191_,85.71%,94.79%,96.20%,NA,NA,NA,NA,NA,NA,NA,
_192_,100.00%,100.00%,100.00%,NA,NA,NA,NA,NA,NA,NA,
_193_,100.00%,100.00%,33.91%,NA,NA,NA,NA,NA,NA,NA,
_194_,100.00%,68.21%,99.33%,NA,NA,NA,NA,NA,NA,NA,
_195_,100.00%,100.00%,100.00%,NA,NA,NA,NA,NA,NA,NA,
_196_,100.00%,100.00%,100.00%,NA,NA,NA,NA,NA,NA,NA,
_197_,90.48%,95.80%,98.98%,NA,NA,NA,NA,NA,NA,NA,
_198_,90.48%,100.00%,100.00%,NA,NA,NA,NA,NA,NA,NA,
_199_,100.00%,100.00%,100.00%,0.00%,NA,NA,NA,NA,NA,NA,
_200_,66.67%,100.00%,100.00%,NA,NA,NA,NA,NA,NA,NA,
_201_,100.00%,100.00%,99.65%,NA,NA,NA,NA,NA,NA,NA,
_202_,100.00%,94.29%,61.45%,0.00%,NA,NA,NA,NA,NA,NA,
_203_,50.00%,92.51%,100.00%,NA,NA,NA,NA,NA,NA,NA,
_204_,100.00%,100.00%,87.90%,NA,NA,NA,NA,NA,NA,NA,
_205_,100.00%,100.00%,81.58%,0.00%,NA,NA,NA,NA,NA,NA,
_206_,100.00%,94.23%,54.43%,NA,NA,NA,NA,NA,NA,NA,
_207_,100.00%,100.00%,100.00%,NA,NA,NA,NA,NA,NA,NA,
_208_,100.00%,100.00%,100.00%,NA,NA,NA,NA,NA,NA,NA,
_209_,100.00%,100.00%,55.77%,0.00%,NA,NA,NA,NA,NA,NA,
_210_,100.00%,100.00%,33.33%,0.00%,NA,NA,NA,NA,NA,NA,
_211_,100.00%,100.00%,100.00%,NA,NA,NA,NA,NA,NA,NA,
_212_,100.00%,100.00%,100.00%,NA,NA,NA,NA,NA,NA,NA,
_213_,100.00%,100.00%,100.00%,NA,NA,NA,NA,NA,NA,NA,
_214_,100.00%,100.00%,100.00%,NA,NA,NA,NA,NA,NA,NA,
_215_,100.00%,100.00%,100.00%,NA,NA,NA,NA,NA,NA,NA,
_216_,100.00%,100.00%,100.00%,NA,NA,NA,NA,NA,NA,NA,
_217_,100.00%,100.00%,100.00%,NA,NA,NA,NA,NA,NA,NA,
_218_,100.00%,100.00%,NA,NA,NA,NA,NA,NA,NA,NA,
_219_,100.00%,100.00%,100.00%,NA,NA,NA,NA,NA,NA,NA,
_220_,100.00%,100.00%,100.00%,NA,NA,NA,NA,NA,NA,NA,
_221_,100.00%,100.00%,69.73%,NA,NA,NA,NA,NA,NA,NA,
_222_,100.00%,100.00%,100.00%,NA,NA,NA,NA,NA,NA,NA,
_223_,100.00%,100.00%,100.00%,NA,NA,NA,NA,NA,NA,NA,
_224_,66.67%,100.00%,100.00%,NA,NA,NA,NA,NA,NA,NA,
_225_,95.24%,68.94%,99.51%,NA,NA,NA,NA,NA,NA,NA,
_226_,85.71%,98.60%,100.00%,NA,NA,NA,NA,NA,NA,NA,
_227_,100.00%,100.00%,NA,NA,NA,NA,NA,NA,NA,NA,
_228_,100.00%,100.00%,NA,NA,NA,NA,NA,NA,NA,NA,
_229_,NA,NA,NA,NA,NA,NA,NA,NA,NA,NA,
_230_,NA,NA,NA,NA,NA,NA,NA,NA,NA,NA,
_231_,NA,NA,NA,NA,NA,NA,NA,NA,NA,NA,
_232_,NA,NA,NA,NA,NA,NA,NA,NA,NA,NA,
_233_,NA,NA,NA,NA,NA,NA,NA,NA,NA,NA,
_234_,NA,NA,NA,NA,NA,NA,NA,NA,NA,NA,
_235_,NA,NA,NA,NA,NA,NA,NA,NA,NA,NA,
_236_,NA,NA,NA,NA,NA,NA,NA,NA,NA,NA,
_237_,NA,NA,NA,NA,NA,NA,NA,NA,NA,NA,
_238_,NA,NA,NA,NA,NA,NA,NA,NA,NA,NA,
a[0],100.00%,100.00%,100.00%,NA,NA,NA,NA,NA,NA,NA,
a[1],100.00%,100.00%,100.00%,0.00%,NA,NA,NA,NA,NA,NA,
a[2],100.00%,92.11%,99.78%,NA,NA,NA,NA,NA,NA,NA,
a[3],98.21%,100.00%,100.00%,NA,NA,NA,NA,NA,NA,NA,
a[4],100.00%,100.00%,100.00%,NA,NA,NA,NA,NA,NA,NA,
a[5],100.00%,85.64%,100.00%,NA,NA,NA,NA,NA,NA,NA,
a[6],88.10%,61.64%,90.75%,NA,NA,NA,NA,NA,NA,NA,
a[7],100.00%,100.00%,100.00%,NA,NA,NA,NA,NA,NA,NA,
b[0],100.00%,100.00%,100.00%,NA,NA,NA,NA,NA,NA,NA,
b[1],100.00%,100.00%,100.00%,NA,NA,NA,NA,NA,NA,NA,
b[2],100.00%,50.00%,59.67%,NA,NA,NA,NA,NA,NA,NA,
b[3],100.00%,49.20%,100.00%,NA,NA,NA,NA,NA,NA,NA,
b[4],100.00%,100.00%,100.00%,NA,NA,NA,NA,NA,NA,NA,
b[5],100.00%,100.00%,96.29%,NA,NA,NA,NA,NA,NA,NA,
b[6],100.00%,100.00%,100.00%,NA,NA,NA,NA,NA,NA,NA,
b[7],100.00%,100.00%,100.00%,NA,NA,NA,NA,NA,NA,NA,
clk,100.00%,100.00%,100.00%,100.00%,100.00%,100.00%,NA,NA,NA,NA,
opcode[0],100.00%,100.00%,100.00%,100.00%,NA,NA,NA,NA,NA,NA,
opcode[2],100.00%,100.00%,100.00%,100.00%,NA,NA,NA,NA,NA,NA,
opcode[3],100.00%,100.00%,100.00%,100.00%,NA,NA,NA,NA,NA,NA,
overflow_flag,100.00%,100.00%,100.00%,NA,NA,NA,NA,NA,NA,NA,
result[0],100.00%,100.00%,100.00%,NA,NA,NA,NA,NA,NA,NA,
result[1],100.00%,100.00%,100.00%,NA,NA,NA,NA,NA,NA,NA,
result[2],100.00%,100.00%,100.00%,NA,NA,NA,NA,NA,NA,NA,
result[3],100.00%,100.00%,100.00%,NA,NA,NA,NA,NA,NA,NA,
result[4],100.00%,100.00%,100.00%,NA,NA,NA,NA,NA,NA,NA,
result[5],100.00%,100.00%,100.00%,NA,NA,NA,NA,NA,NA,NA,
result[6],100.00%,100.00%,100.00%,NA,NA,NA,NA,NA,NA,NA,
result[7],100.00%,100.00%,100.00%,NA,NA,NA,NA,NA,NA,NA,
rst_n,100.00%,100.00%,100.00%,100.00%,NA,NA,NA,NA,NA,NA,
zero_flag,100.00%,100.00%,100.00%,NA,NA,NA,NA,NA,NA,NA,
net27,100.00%,98.87%,72.77%,NA,NA,NA,NA,NA,NA,NA,
net28,100.00%,100.00%,NA,NA,NA,NA,NA,NA,NA,NA,
net29,100.00%,100.00%,NA,NA,NA,NA,NA,NA,NA,NA,
net30,100.00%,100.00%,NA,NA,NA,NA,NA,NA,NA,NA,
net31,100.00%,100.00%,NA,NA,NA,NA,NA,NA,NA,NA,
net32,100.00%,100.00%,100.00%,NA,NA,NA,NA,NA,NA,NA,
net33,95.24%,97.30%,100.00%,NA,NA,NA,NA,NA,NA,NA,
net34,100.00%,100.00%,NA,NA,NA,NA,NA,NA,NA,NA,
net35,100.00%,100.00%,100.00%,NA,NA,NA,NA,NA,NA,NA,
net36,100.00%,100.00%,100.00%,NA,NA,NA,NA,NA,NA,NA,
net37,100.00%,100.00%,100.00%,NA,NA,NA,NA,NA,NA,NA,
net38,100.00%,100.00%,NA,NA,NA,NA,NA,NA,NA,NA,
net39,100.00%,100.00%,NA,NA,NA,NA,NA,NA,NA,NA,
net40,100.00%,97.56%,93.56%,0.00%,NA,NA,NA,NA,NA,NA,
net41,75.00%,66.67%,100.00%,NA,NA,NA,NA,NA,NA,NA,
net42,95.63%,99.06%,75.28%,NA,NA,NA,NA,NA,NA,NA,
net43,100.00%,100.00%,93.51%,NA,NA,NA,NA,NA,NA,NA,
net44,98.41%,99.89%,71.54%,NA,NA,NA,NA,NA,NA,NA,
net45,95.24%,98.93%,100.00%,NA,NA,NA,NA,NA,NA,NA,
net46,92.06%,99.13%,100.00%,NA,NA,NA,NA,NA,NA,NA,
net47,100.00%,96.34%,85.58%,NA,NA,NA,NA,NA,NA,NA,
net48,88.89%,86.19%,100.00%,NA,NA,NA,NA,NA,NA,NA,
net49,100.00%,100.00%,100.00%,NA,NA,NA,NA,NA,NA,NA,
net50,100.00%,100.00%,100.00%,NA,NA,NA,NA,NA,NA,NA,
net51,100.00%,100.00%,NA,NA,NA,NA,NA,NA,NA,NA,
net52,100.00%,100.00%,100.00%,NA,NA,NA,NA,NA,NA,NA,
net53,100.00%,100.00%,100.00%,NA,NA,NA,NA,NA,NA,NA,
net54,100.00%,100.00%,100.00%,NA,NA,NA,NA,NA,NA,NA,
clknet_1_0__leaf_clk,100.00%,100.00%,100.00%,NA,NA,NA,NA,NA,NA,NA,
clknet_1_1__leaf_clk,100.00%,100.00%,69.63%,NA,NA,NA,NA,NA,NA,NA,
net55,100.00%,100.00%,100.00%,NA,NA,NA,NA,NA,NA,NA,
net56,100.00%,100.00%,100.00%,NA,NA,NA,NA,NA,NA,NA,
net57,100.00%,100.00%,100.00%,NA,NA,NA,NA,NA,NA,NA,
_002_,100.00%,100.00%,NA,NA,NA,NA,NA,NA,NA,NA,
_003_,100.00%,100.00%,NA,NA,NA,NA,NA,NA,NA,NA,
_004_,100.00%,100.00%,NA,NA,NA,NA,NA,NA,NA,NA,
_005_,100.00%,100.00%,100.00%,NA,NA,NA,NA,NA,NA,NA,
_006_,100.00%,100.00%,100.00%,NA,NA,NA,NA,NA,NA,NA,
_007_,100.00%,100.00%,NA,NA,NA,NA,NA,NA,NA,NA,
_008_,100.00%,100.00%,100.00%,NA,NA,NA,NA,NA,NA,NA,
_009_,100.00%,100.00%,100.00%,NA,NA,NA,NA,NA,NA,NA,
_010_,100.00%,100.00%,NA,NA,NA,NA,NA,NA,NA,NA,
_011_,100.00%,100.00%,100.00%,NA,NA,NA,NA,NA,NA,NA,
_012_,100.00%,100.00%,100.00%,NA,NA,NA,NA,NA,NA,NA,
_013_,100.00%,100.00%,100.00%,NA,NA,NA,NA,NA,NA,NA,
_014_,93.62%,99.26%,83.06%,0.00%,NA,NA,NA,NA,NA,NA,
_015_,83.33%,95.52%,100.00%,NA,NA,NA,NA,NA,NA,NA,
_016_,100.00%,100.00%,NA,NA,NA,NA,NA,NA,NA,NA,
_017_,100.00%,99.23%,75.95%,NA,NA,NA,NA,NA,NA,NA,
_018_,100.00%,100.00%,0.00%,NA,NA,NA,NA,NA,NA,NA,
_019_,100.00%,90.62%,83.32%,0.00%,NA,NA,NA,NA,NA,NA,
_020_,100.00%,100.00%,100.00%,NA,NA,NA,NA,NA,NA,NA,
_021_,100.00%,100.00%,100.00%,NA,NA,NA,NA,NA,NA,NA,
_022_,85.71%,91.43%,1.09%,0.00%,NA,NA,NA,NA,NA,NA,
_023_,100.00%,100.00%,82.23%,0.00%,NA,NA,NA,NA,NA,NA,
_024_,100.00%,100.00%,100.00%,NA,NA,NA,NA,NA,NA,NA,
_025_,100.00%,100.00%,100.00%,NA,NA,NA,NA,NA,NA,NA,
_026_,100.00%,100.00%,0.00%,NA,NA,NA,NA,NA,NA,NA,
_027_,83.33%,100.00%,100.00%,NA,NA,NA,NA,NA,NA,NA,
_028_,100.00%,100.00%,93.60%,0.00%,NA,NA,NA,NA,NA,NA,
_029_,100.00%,43.96%,31.95%,NA,NA,NA,NA,NA,NA,NA,
_030_,88.10%,76.03%,36.68%,0.00%,NA,NA,NA,NA,NA,NA,
_031_,100.00%,100.00%,100.00%,NA,NA,NA,NA,NA,NA,NA,
_032_,100.00%,100.00%,100.00%,NA,NA,NA,NA,NA,NA,NA,
_033_,100.00%,89.37%,0.00%,NA,NA,NA,NA,NA,NA,NA,
_034_,100.00%,100.00%,100.00%,NA,NA,NA,NA,NA,NA,NA,
_035_,100.00%,100.00%,NA,NA,NA,NA,NA,NA,NA,NA,
_036_,42.86%,100.00%,100.00%,NA,NA,NA,NA,NA,NA,NA,
_037_,100.00%,100.00%,100.00%,NA,NA,NA,NA,NA,NA,NA,
_038_,100.00%,100.00%,100.00%,NA,NA,NA,NA,NA,NA,NA,
_039_,85.71%,100.00%,100.00%,NA,NA,NA,NA,NA,NA,NA,
_040_,50.00%,100.00%,100.00%,NA,NA,NA,NA,NA,NA,NA,
_041_,100.00%,89.67%,72.58%,NA,NA,NA,NA,NA,NA,NA,
_042_,100.00%,100.00%,94.60%,NA,NA,NA,NA,NA,NA,NA,
_043_,100.00%,100.00%,NA,NA,NA,NA,NA,NA,NA,NA,
_044_,100.00%,100.00%,100.00%,NA,NA,NA,NA,NA,NA,NA,
_045_,50.00%,77.07%,100.00%,NA,NA,NA,NA,NA,NA,NA,
_046_,100.00%,100.00%,100.00%,NA,NA,NA,NA,NA,NA,NA,
_047_,100.00%,100.00%,100.00%,NA,NA,NA,NA,NA,NA,NA,
_048_,80.95%,80.95%,100.00%,NA,NA,NA,NA,NA,NA,NA,
_049_,100.00%,100.00%,76.17%,NA,NA,NA,NA,NA,NA,NA,
_050_,100.00%,100.00%,100.00%,NA,NA,NA,NA,NA,NA,NA,
_051_,78.57%,78.98%,0.00%,NA,NA,NA,NA,NA,NA,NA,
_052_,66.67%,98.82%,100.00%,NA,NA,NA,NA,NA,NA,NA,
_053_,100.00%,100.00%,100.00%,NA,NA,NA,NA,NA,NA,NA,
_054_,100.00%,100.00%,0.00%,NA,NA,NA,NA,NA,NA,NA,
_055_,100.00%,100.00%,100.00%,NA,NA,NA,NA,NA,NA,NA,
_056_,64.29%,91.84%,70.07%,NA,NA,NA,NA,NA,NA,NA,
_057_,100.00%,100.00%,100.00%,NA,NA,NA,NA,NA,NA,NA,
_058_,100.00%,100.00%,100.00%,NA,NA,NA,NA,NA,NA,NA,
_059_,100.00%,100.00%,NA,NA,NA,NA,NA,NA,NA,NA,
_060_,100.00%,100.00%,100.00%,NA,NA,NA,NA,NA,NA,NA,
_061_,28.57%,48.00%,NA,NA,NA,NA,NA,NA,NA,NA,
_062_,100.00%,100.00%,0.00%,NA,NA,NA,NA,NA,NA,NA,
_063_,100.00%,100.00%,81.89%,0.00%,NA,NA,NA,NA,NA,NA,
_064_,100.00%,100.00%,0.00%,NA,NA,NA,NA,NA,NA,NA,
_065_,100.00%,72.07%,100.00%,NA,NA,NA,NA,NA,NA,NA,
_066_,100.00%,100.00%,NA,NA,NA,NA,NA,NA,NA,NA,
_067_,100.00%,100.00%,0.00%,NA,NA,NA,NA,NA,NA,NA,
_068_,100.00%,100.00%,100.00%,NA,NA,NA,NA,NA,NA,NA,
_069_,100.00%,100.00%,100.00%,NA,NA,NA,NA,NA,NA,NA,
_070_,100.00%,100.00%,NA,NA,NA,NA,NA,NA,NA,NA,
_071_,100.00%,100.00%,0.00%,NA,NA,NA,NA,NA,NA,NA,
_072_,100.00%,100.00%,87.91%,0.00%,NA,NA,NA,NA,NA,NA,
_073_,50.00%,89.06%,NA,NA,NA,NA,NA,NA,NA,NA,
_074_,100.00%,100.00%,100.00%,NA,NA,NA,NA,NA,NA,NA,
_075_,100.00%,100.00%,100.00%,NA,NA,NA,NA,NA,NA,NA,
_076_,100.00%,100.00%,100.00%,NA,NA,NA,NA,NA,NA,NA,
_077_,100.00%,100.00%,100.00%,NA,NA,NA,NA,NA,NA,NA,
_078_,76.19%,76.19%,91.05%,0.00%,NA,NA,NA,NA,NA,NA,
_079_,100.00%,100.00%,NA,NA,NA,NA,NA,NA,NA,NA,
_080_,100.00%,100.00%,100.00%,NA,NA,NA,NA,NA,NA,NA,
_081_,100.00%,100.00%,100.00%,NA,NA,NA,NA,NA,NA,NA,
_082_,50.00%,68.26%,0.00%,NA,NA,NA,NA,NA,NA,NA,
_083_,100.00%,100.00%,100.00%,NA,NA,NA,NA,NA,NA,NA,
_084_,100.00%,100.00%,100.00%,NA,NA,NA,NA,NA,NA,NA,
_085_,66.67%,100.00%,100.00%,NA,NA,NA,NA,NA,NA,NA,
_086_,100.00%,100.00%,100.00%,NA,NA,NA,NA,NA,NA,NA,
_087_,100.00%,100.00%,100.00%,NA,NA,NA,NA,NA,NA,NA,
_088_,100.00%,100.00%,100.00%,NA,NA,NA,NA,NA,NA,NA,
_089_,100.00%,100.00%,NA,NA,NA,NA,NA,NA,NA,NA,
_090_,50.00%,50.00%,100.00%,NA,NA,NA,NA,NA,NA,NA,
_091_,100.00%,100.00%,0.00%,NA,NA,NA,NA,NA,NA,NA,
_092_,100.00%,100.00%,100.00%,NA,NA,NA,NA,NA,NA,NA,
_093_,100.00%,100.00%,93.37%,NA,NA,NA,NA,NA,NA,NA,
_094_,100.00%,100.00%,NA,NA,NA,NA,NA,NA,NA,NA,
_095_,100.00%,100.00%,100.00%,NA,NA,NA,NA,NA,NA,NA,
_096_,100.00%,100.00%,100.00%,NA,NA,NA,NA,NA,NA,NA,
_097_,100.00%,100.00%,0.00%,NA,NA,NA,NA,NA,NA,NA,
_098_,100.00%,100.00%,100.00%,NA,NA,NA,NA,NA,NA,NA,
_099_,100.00%,100.00%,100.00%,NA,NA,NA,NA,NA,NA,NA,
_100_,100.00%,100.00%,100.00%,NA,NA,NA,NA,NA,NA,NA,
_101_,50.00%,32.18%,0.00%,0.00%,NA,NA,NA,NA,NA,NA,
_102_,100.00%,100.00%,0.00%,NA,NA,NA,NA,NA,NA,NA,
_103_,100.00%,100.00%,100.00%,NA,NA,NA,NA,NA,NA,NA,
_104_,100.00%,100.00%,0.00%,NA,NA,NA,NA,NA,NA,NA,
_105_,95.24%,91.68%,100.00%,NA,NA,NA,NA,NA,NA,NA,
_106_,100.00%,100.00%,NA,NA,NA,NA,NA,NA,NA,NA,
_107_,100.00%,100.00%,100.00%,NA,NA,NA,NA,NA,NA,NA,
_108_,100.00%,100.00%,0.00%,0.00%,NA,NA,NA,NA,NA,NA,
_109_,100.00%,100.00%,100.00%,NA,NA,NA,NA,NA,NA,NA,
_110_,100.00%,100.00%,NA,NA,NA,NA,NA,NA,NA,NA,
_111_,100.00%,100.00%,100.00%,NA,NA,NA,NA,NA,NA,NA,
_112_,100.00%,93.12%,57.83%,NA,NA,NA,NA,NA,NA,NA,
_113_,100.00%,100.00%,100.00%,NA,NA,NA,NA,NA,NA,NA,
_114_,100.00%,100.00%,100.00%,NA,NA,NA,NA,NA,NA,NA,
_115_,100.00%,85.71%,0.00%,NA,NA,NA,NA,NA,NA,NA,
_116_,100.00%,100.00%,100.00%,NA,NA,NA,NA,NA,NA,NA,
_117_,100.00%,100.00%,NA,NA,NA,NA,NA,NA,NA,NA,
_118_,50.00%,89.25%,NA,NA,NA,NA,NA,NA,NA,NA,
_119_,100.00%,100.00%,NA,NA,NA,NA,NA,NA,NA,NA,
_120_,100.00%,100.00%,0.00%,NA,NA,NA,NA,NA,NA,NA,
_121_,57.14%,96.37%,0.00%,NA,NA,NA,NA,NA,NA,NA,
_122_,100.00%,100.00%,100.00%,NA,NA,NA,NA,NA,NA,NA,
_123_,100.00%,100.00%,100.00%,NA,NA,NA,NA,NA,NA,NA,
_124_,100.00%,100.00%,100.00%,NA,NA,NA,NA,NA,NA,NA,
_125_,100.00%,82.24%,0.00%,NA,NA,NA,NA,NA,NA,NA,
_126_,100.00%,100.00%,100.00%,NA,NA,NA,NA,NA,NA,NA,
_127_,100.00%,100.00%,100.00%,NA,NA,NA,NA,NA,NA,NA,
_128_,100.00%,100.00%,100.00%,NA,NA,NA,NA,NA,NA,NA,
opcode[1],100.00%,100.00%,100.00%,100.00%,NA,NA,NA,NA,NA,NA,
_129_,100.00%,100.00%,100.00%,NA,NA,NA,NA,NA,NA,NA,
_130_,100.00%,100.00%,100.00%,NA,NA,NA,NA,NA,NA,NA,
_131_,100.00%,100.00%,100.00%,NA,NA,NA,NA,NA,NA,NA,
_132_,100.00%,100.00%,100.00%,NA,NA,NA,NA,NA,NA,NA,
_133_,100.00%,100.00%,NA,NA,NA,NA,NA,NA,NA,NA,
_134_,100.00%,100.00%,NA,NA,NA,NA,NA,NA,NA,NA,
_135_,100.00%,100.00%,NA,NA,NA,NA,NA,NA,NA,NA,
_136_,100.00%,100.00%,100.00%,NA,NA,NA,NA,NA,NA,NA,
_137_,50.00%,90.91%,100.00%,NA,NA,NA,NA,NA,NA,NA,
_138_,100.00%,100.00%,100.00%,NA,NA,NA,NA,NA,NA,NA,
_139_,100.00%,100.00%,NA,NA,NA,NA,NA,NA,NA,NA,
_140_,100.00%,100.00%,100.00%,NA,NA,NA,NA,NA,NA,NA,
_141_,78.57%,78.57%,98.56%,NA,NA,NA,NA,NA,NA,NA,
_142_,100.00%,100.00%,100.00%,NA,NA,NA,NA,NA,NA,NA,
_143_,50.00%,82.93%,100.00%,NA,NA,NA,NA,NA,NA,NA,
_144_,100.00%,100.00%,100.00%,NA,NA,NA,NA,NA,NA,NA,
_145_,100.00%,100.00%,100.00%,NA,NA,NA,NA,NA,NA,NA,
_146_,100.00%,31.58%,0.00%,NA,NA,NA,NA,NA,NA,NA,
_147_,100.00%,100.00%,72.27%,NA,NA,NA,NA,NA,NA,NA,
_148_,100.00%,100.00%,100.00%,NA,NA,NA,NA,NA,NA,NA,
_149_,100.00%,100.00%,100.00%,NA,NA,NA,NA,NA,NA,NA,
_150_,100.00%,100.00%,NA,NA,NA,NA,NA,NA,NA,NA,
_151_,100.00%,100.00%,100.00%,NA,NA,NA,NA,NA,NA,NA,
_152_,100.00%,100.00%,100.00%,NA,NA,NA,NA,NA,NA,NA,
_153_,50.00%,100.00%,100.00%,NA,NA,NA,NA,NA,NA,NA,
_154_,100.00%,100.00%,87.25%,NA,NA,NA,NA,NA,NA,NA,
_155_,100.00%,100.00%,100.00%,NA,NA,NA,NA,NA,NA,NA,
_156_,100.00%,100.00%,100.00%,NA,NA,NA,NA,NA,NA,NA,
_157_,100.00%,100.00%,NA,NA,NA,NA,NA,NA,NA,NA,
_158_,100.00%,100.00%,100.00%,NA,NA,NA,NA,NA,NA,NA,
_159_,100.00%,100.00%,NA,NA,NA,NA,NA,NA,NA,NA,
_160_,100.00%,100.00%,100.00%,NA,NA,NA,NA,NA,NA,NA,
_161_,100.00%,100.00%,NA,NA,NA,NA,NA,NA,NA,NA,
_162_,96.43%,100.00%,100.00%,NA,NA,NA,NA,NA,NA,NA,
_163_,93.88%,85.89%,78.05%,NA,NA,NA,NA,NA,NA,NA,
_164_,100.00%,100.00%,100.00%,0.00%,NA,NA,NA,NA,NA,NA,
_165_,90.48%,97.27%,73.59%,NA,NA,NA,NA,NA,NA,NA,
_166_,100.00%,100.00%,100.00%,NA,NA,NA,NA,NA,NA,NA,
_167_,100.00%,100.00%,100.00%,NA,NA,NA,NA,NA,NA,NA,
_168_,100.00%,100.00%,100.00%,NA,NA,NA,NA,NA,NA,NA,
_169_,100.00%,96.24%,100.00%,NA,NA,NA,NA,NA,NA,NA,
_170_,100.00%,100.00%,100.00%,NA,NA,NA,NA,NA,NA,NA,
_171_,82.14%,98.55%,100.00%,NA,NA,NA,NA,NA,NA,NA,
_172_,100.00%,100.00%,NA,NA,NA,NA,NA,NA,NA,NA,
_173_,100.00%,100.00%,100.00%,NA,NA,NA,NA,NA,NA,NA,
_174_,64.29%,93.06%,NA,NA,NA,NA,NA,NA,NA,NA,
_175_,100.00%,100.00%,100.00%,NA,NA,NA,NA,NA,NA,NA,
_176_,100.00%,85.29%,97.59%,NA,NA,NA,NA,NA,NA,NA,
_177_,100.00%,100.00%,100.00%,NA,NA,NA,NA,NA,NA,NA,
_178_,100.00%,100.00%,100.00%,NA,NA,NA,NA,NA,NA,NA,
_179_,100.00%,100.00%,NA,NA,NA,NA,NA,NA,NA,NA,
_180_,75.00%,100.00%,96.43%,0.00%,NA,NA,NA,NA,NA,NA,
_181_,100.00%,100.00%,86.36%,NA,NA,NA,NA,NA,NA,NA,
_182_,100.00%,74.36%,100.00%,NA,NA,NA,NA,NA,NA,NA,
_183_,100.00%,85.71%,100.00%,NA,NA,NA,NA,NA,NA,NA,
clknet_0_clk,100.00%,38.34%,18.39%,NA,NA,NA,NA,NA,NA,NA,
Total,95.88%,95.09%,92.07%,47.91%,100.00%,100.00%,NA,NA,NA,NA,89.13%,